2016-10-28 14:20:48,138:*************************
2016-10-28 14:20:48,138:logging started
2016-10-28 14:20:48,138:('loading cooldb',)
2016-10-28 14:20:48,703:('cooldb loaded',)
2016-10-28 14:20:48,703:('loading bactdb',)
2016-10-28 14:20:48,705:('bactdb loaded',)
2016-10-28 14:20:48,705:('loading supercooldb',)
2016-10-28 14:20:48,705:('supercooldb loaded',)
2016-10-28 14:20:51,627:('Loading biom table data/storage.sejin.new.clean.withtax.biom',)
2016-10-28 14:21:03,393:('Loading biom table ../data/storage.sejin.new.clean.withtax.biom',)
2016-10-28 14:21:04,093:('Loading mapping file ../data/map.storage.sejin.txt',)
2016-10-28 14:21:04,107:('number of samples in map is 1142',)
2016-10-28 14:21:04,109:('number of samples in table is 1141',)
2016-10-28 14:21:04,118:('removing 0 samples',)
2016-10-28 14:21:04,118:('deleted. number of samples in table is now 1141',)
2016-10-28 14:21:04,146:('removing 1 samples from mapping file',)
2016-10-28 14:21:04,147:('number of samples in mapping file is now 1141',)
2016-10-28 14:21:27,468:('Loading biom table ../data/mayo.new.min10.clean.withtax.biom',)
2016-10-28 14:21:27,652:('Loading mapping file ../data/map.mayo1.txt',)
2016-10-28 14:21:27,676:('number of samples in map is 960',)
2016-10-28 14:21:27,679:('number of samples in table is 958',)
2016-10-28 14:21:27,689:('removing 0 samples',)
2016-10-28 14:21:27,689:('deleted. number of samples in table is now 958',)
2016-10-28 14:21:27,718:('removing 2 samples from mapping file',)
2016-10-28 14:21:27,718:('number of samples in mapping file is now 958',)
2016-10-28 14:21:28,861:('Samples with 0 reads: 18',)
2016-10-28 14:21:29,447:('252 Samples left',)
2016-10-28 14:21:29,609:('242 Samples left',)
2016-10-28 14:21:36,540:('Loading biom table ../data/ag-6-2016.clean.min100.withtax.biom',)
2016-10-28 14:21:38,316:('Loading mapping file ../data/map.ag-6-2016.txt',)
2016-10-28 14:21:39,663:('number of samples in map is 9919',)
2016-10-28 14:21:39,775:('number of samples in table is 9919',)
2016-10-28 14:21:41,262:('removing 0 samples',)
2016-10-28 14:21:41,262:('deleted. number of samples in table is now 9919',)
2016-10-28 14:21:44,070:('number of samples in mapping file is now 9919',)
2016-10-28 14:21:47,329:('Samples with 0 reads: 1214',)
2016-10-28 14:22:14,803:('7286 Samples left',)
2016-10-28 14:22:22,071:('1 conversions failed',)
2016-10-28 14:22:37,335:('7073 Samples left',)
2016-10-28 14:22:37,512:('Loading biom table ../data/twins2.clean.min10.withtax.biom',)
2016-10-28 14:22:37,849:('Loading mapping file ../data/map.twins2.txt',)
2016-10-28 14:22:37,883:('number of samples in map is 1081',)
2016-10-28 14:22:37,887:('number of samples in table is 1046',)
2016-10-28 14:22:37,896:('removing 0 samples',)
2016-10-28 14:22:37,896:('deleted. number of samples in table is now 1046',)
2016-10-28 14:22:37,925:('removing 35 samples from mapping file',)
2016-10-28 14:22:37,925:('number of samples in mapping file is now 1046',)
2016-10-28 14:22:40,511:('Samples with 0 reads: 29',)
2016-10-28 14:22:41,527:('2564 Bacteria left',)
2016-10-28 14:22:45,386:('1017 Samples left',)
2016-10-28 14:22:45,425:('Loading biom table ../data/pgp.baylor.clean.withtax.biom',)
2016-10-28 14:22:45,895:('Loading mapping file ../data/map.pgp.txt',)
2016-10-28 14:22:45,914:('number of samples in map is 429',)
2016-10-28 14:22:45,916:('number of samples in table is 437',)
2016-10-28 14:22:45,916:('Table sample Fermanagh.Mouth not found in mapping file',)
2016-10-28 14:22:45,916:('Table sample Elmira.Stool not found in mapping file',)
2016-10-28 14:22:45,916:('Table sample Erlandson.Stool not found in mapping file',)
2016-10-28 14:22:45,917:('Table sample Innkeeper.Forehead not found in mapping file',)
2016-10-28 14:22:45,917:('Table sample Tewmac.Mouth not found in mapping file',)
2016-10-28 14:22:45,917:('Table sample Pinrock.Rightpalm not found in mapping file',)
2016-10-28 14:22:45,917:('Table sample Lippokd.Forehead not found in mapping file',)
2016-10-28 14:22:45,918:('Table sample Delmore.Leftpalm not found in mapping file',)
2016-10-28 14:22:45,918:('Table sample Goddu.Forehead not found in mapping file',)
2016-10-28 14:22:45,918:('Table sample Menekish.Stool not found in mapping file',)
2016-10-28 14:22:45,918:('removing 10 samples',)
2016-10-28 14:22:45,927:('deleted. number of samples in table is now 427',)
2016-10-28 14:22:45,932:('removing 2 samples from mapping file',)
2016-10-28 14:22:45,932:('number of samples in mapping file is now 427',)
2016-10-28 14:22:50,374:('Samples with 0 reads: 2',)
2016-10-28 14:22:51,564:('80 Samples left',)
2016-10-28 14:22:51,865:('79 Samples left',)
2016-10-28 14:22:51,898:('Loading biom table ../data/ercolini.feces.clean.withtax.biom',)
2016-10-28 14:22:52,036:('Loading mapping file ../data/map.ercolini.txt',)
2016-10-28 14:22:52,042:('number of samples in map is 96',)
2016-10-28 14:22:52,043:('number of samples in table is 93',)
2016-10-28 14:22:52,043:('removing 0 samples',)
2016-10-28 14:22:52,043:('deleted. number of samples in table is now 93',)
2016-10-28 14:22:52,044:('removing 3 samples from mapping file',)
2016-10-28 14:22:52,044:('number of samples in mapping file is now 93',)
2016-10-28 14:22:52,991:('Samples with 0 reads: 4',)
2016-10-28 14:22:53,166:('89 Samples left',)
2016-10-28 14:22:53,238:('88 Samples left',)
2016-10-28 14:22:53,594:('241 Samples left',)
2016-10-28 14:22:53,826:('92 Samples left',)
2016-10-28 14:22:53,944:('74 Samples left',)
2016-10-28 14:22:54,569:('241 Samples left',)
2016-10-28 14:22:54,840:('92 Samples left',)
2016-10-28 14:22:54,967:('75 Samples left',)
2016-10-28 14:23:19,904:('241 Samples left',)
2016-10-28 14:23:20,152:('92 Samples left',)
2016-10-28 14:23:20,269:('74 Samples left',)
2016-10-28 14:23:26,318:('241 Samples left',)
2016-10-28 14:23:26,549:('92 Samples left',)
2016-10-28 14:23:26,669:('75 Samples left',)
2016-10-28 14:23:38,320:('Loading biom table ../data/storage.sejin.new.clean.withtax.biom',)
2016-10-28 14:23:39,071:('Loading mapping file ../data/map.storage.sejin.txt',)
2016-10-28 14:23:39,088:('number of samples in map is 1142',)
2016-10-28 14:23:39,090:('number of samples in table is 1141',)
2016-10-28 14:23:39,099:('removing 0 samples',)
2016-10-28 14:23:39,099:('deleted. number of samples in table is now 1141',)
2016-10-28 14:23:39,127:('removing 1 samples from mapping file',)
2016-10-28 14:23:39,127:('number of samples in mapping file is now 1141',)
2016-10-28 14:23:44,339:('220 Samples left',)
2016-10-28 14:23:44,510:('75 Samples left',)
2016-10-28 14:23:44,709:('75 Samples left',)
2016-10-28 14:23:53,604:('75 Samples left',)
2016-10-28 14:23:53,758:('75 Samples left',)
2016-10-28 14:23:53,923:('75 Samples left',)
2016-10-28 14:23:54,084:('15 Samples left',)
2016-10-28 14:23:54,239:('15 Samples left',)
2016-10-28 14:23:59,800:('75 Samples left',)
2016-10-28 14:23:59,956:('75 Samples left',)
2016-10-28 14:24:00,126:('75 Samples left',)
2016-10-28 14:24:00,384:('15 Samples left',)
2016-10-28 14:24:00,558:('15 Samples left',)
2016-10-28 14:24:12,253:('75 Samples left',)
2016-10-28 14:24:12,409:('75 Samples left',)
2016-10-28 14:24:12,569:('75 Samples left',)
2016-10-28 14:24:12,725:('15 Samples left',)
2016-10-28 14:24:12,885:('30 Samples left',)
2016-10-28 14:25:09,774:('7073 Samples left',)
2016-10-28 14:25:21,773:('1184 Samples left',)
2016-10-28 14:27:54,690:*************************
2016-10-28 14:27:54,692:logging started
2016-10-28 14:27:54,693:('loading cooldb',)
2016-10-28 14:27:55,307:('cooldb loaded',)
2016-10-28 14:27:55,307:('loading bactdb',)
2016-10-28 14:27:55,308:('bactdb loaded',)
2016-10-28 14:27:55,308:('loading supercooldb',)
2016-10-28 14:27:55,308:('supercooldb loaded',)
2016-10-28 14:27:55,381:('Loading biom table ../data/ag-6-2016.clean.min100.withtax.biom',)
2016-10-28 14:27:57,548:('Loading mapping file ../data/map.ag-6-2016.txt',)
2016-10-28 14:27:58,007:('8257 samples before filtering, 4 after',)
2016-10-28 14:27:58,944:('number of samples in map is 9919',)
2016-10-28 14:27:59,068:('number of samples in table is 9919',)
2016-10-28 14:28:00,645:('removing 0 samples',)
2016-10-28 14:28:00,645:('deleted. number of samples in table is now 9919',)
2016-10-28 14:28:03,456:('number of samples in mapping file is now 9919',)
2016-10-28 14:28:06,444:('Samples with 0 reads: 1214',)
2016-10-28 14:28:09,510:('8257 samples before filtering, 4 after',)
2016-10-28 14:28:35,521:('7286 Samples left',)
2016-10-28 14:28:43,656:('1 conversions failed',)
2016-10-28 14:28:59,773:('7073 Samples left',)
2016-10-28 14:28:59,946:('Loading biom table ../data/twins2.clean.min10.withtax.biom',)
2016-10-28 14:29:00,380:('Loading mapping file ../data/map.twins2.txt',)
2016-10-28 14:29:00,417:('number of samples in map is 1081',)
2016-10-28 14:29:00,421:('number of samples in table is 1046',)
2016-10-28 14:29:00,431:('removing 0 samples',)
2016-10-28 14:29:00,431:('deleted. number of samples in table is now 1046',)
2016-10-28 14:29:00,463:('removing 35 samples from mapping file',)
2016-10-28 14:29:00,463:('number of samples in mapping file is now 1046',)
2016-10-28 14:29:02,669:('Samples with 0 reads: 29',)
2016-10-28 14:29:03,715:('2564 Bacteria left',)
2016-10-28 14:29:04,910:*************************
2016-10-28 14:29:04,910:logging started
2016-10-28 14:29:04,910:('loading cooldb',)
2016-10-28 14:29:05,490:('cooldb loaded',)
2016-10-28 14:29:05,491:('loading bactdb',)
2016-10-28 14:29:05,492:('bactdb loaded',)
2016-10-28 14:29:05,492:('loading supercooldb',)
2016-10-28 14:29:05,492:('supercooldb loaded',)
2016-10-28 14:29:07,674:('1017 Samples left',)
2016-10-28 14:29:07,710:('Loading biom table ../data/pgp.baylor.clean.withtax.biom',)
2016-10-28 14:29:08,302:('Loading mapping file ../data/map.pgp.txt',)
2016-10-28 14:29:08,325:('number of samples in map is 429',)
2016-10-28 14:29:08,327:('number of samples in table is 437',)
2016-10-28 14:29:08,327:('Table sample Fermanagh.Mouth not found in mapping file',)
2016-10-28 14:29:08,327:('Table sample Elmira.Stool not found in mapping file',)
2016-10-28 14:29:08,327:('Table sample Erlandson.Stool not found in mapping file',)
2016-10-28 14:29:08,327:('Table sample Innkeeper.Forehead not found in mapping file',)
2016-10-28 14:29:08,328:('Table sample Tewmac.Mouth not found in mapping file',)
2016-10-28 14:29:08,328:('Table sample Pinrock.Rightpalm not found in mapping file',)
2016-10-28 14:29:08,328:('Table sample Lippokd.Forehead not found in mapping file',)
2016-10-28 14:29:08,328:('Table sample Delmore.Leftpalm not found in mapping file',)
2016-10-28 14:29:08,328:('Table sample Goddu.Forehead not found in mapping file',)
2016-10-28 14:29:08,329:('Table sample Menekish.Stool not found in mapping file',)
2016-10-28 14:29:08,329:('removing 10 samples',)
2016-10-28 14:29:08,340:('deleted. number of samples in table is now 427',)
2016-10-28 14:29:08,345:('removing 2 samples from mapping file',)
2016-10-28 14:29:08,345:('number of samples in mapping file is now 427',)
2016-10-28 14:29:12,362:('Samples with 0 reads: 2',)
2016-10-28 14:29:13,570:('80 Samples left',)
2016-10-28 14:29:13,872:('79 Samples left',)
2016-10-28 14:29:13,900:('Loading biom table ../data/ercolini.feces.clean.withtax.biom',)
2016-10-28 14:29:14,040:('Loading mapping file ../data/map.ercolini.txt',)
2016-10-28 14:29:14,047:('number of samples in map is 96',)
2016-10-28 14:29:14,049:('number of samples in table is 93',)
2016-10-28 14:29:14,049:('removing 0 samples',)
2016-10-28 14:29:14,049:('deleted. number of samples in table is now 93',)
2016-10-28 14:29:14,050:('removing 3 samples from mapping file',)
2016-10-28 14:29:14,050:('number of samples in mapping file is now 93',)
2016-10-28 14:29:14,914:('Samples with 0 reads: 4',)
2016-10-28 14:29:15,077:('89 Samples left',)
2016-10-28 14:29:15,144:('88 Samples left',)
2016-10-28 15:30:45,925:*************************
2016-10-28 15:30:45,927:logging started
2016-10-28 15:30:45,927:('loading cooldb',)
2016-10-28 15:30:46,542:('cooldb loaded',)
2016-10-28 15:30:46,542:('loading bactdb',)
2016-10-28 15:30:46,544:('bactdb loaded',)
2016-10-28 15:30:46,544:('loading supercooldb',)
2016-10-28 15:30:46,544:('supercooldb loaded',)
2016-10-28 15:30:46,611:('Loading biom table ../data/ag-6-2016.clean.min100.withtax.biom',)
2016-10-28 15:30:48,528:('Loading mapping file ../data/map.ag-6-2016.txt',)
2016-10-28 15:30:49,905:('number of samples in map is 9919',)
2016-10-28 15:30:50,024:('number of samples in table is 9919',)
2016-10-28 15:30:51,500:('removing 0 samples',)
2016-10-28 15:30:51,500:('deleted. number of samples in table is now 9919',)
2016-10-28 15:30:54,160:('number of samples in mapping file is now 9919',)
2016-10-28 15:30:57,076:('Samples with 0 reads: 1214',)
2016-10-28 15:31:25,421:('7286 Samples left',)
2016-10-28 15:31:32,616:('1 conversions failed',)
2016-10-28 15:31:47,859:('7073 Samples left',)
2016-10-28 15:31:48,024:('Loading biom table ../data/twins2.clean.min10.withtax.biom',)
2016-10-28 15:31:48,400:('Loading mapping file ../data/map.twins2.txt',)
2016-10-28 15:31:48,437:('number of samples in map is 1081',)
2016-10-28 15:31:48,440:('number of samples in table is 1046',)
2016-10-28 15:31:48,450:('removing 0 samples',)
2016-10-28 15:31:48,450:('deleted. number of samples in table is now 1046',)
2016-10-28 15:31:48,478:('removing 35 samples from mapping file',)
2016-10-28 15:31:48,478:('number of samples in mapping file is now 1046',)
2016-10-28 15:31:50,722:('Samples with 0 reads: 29',)
2016-10-28 15:31:51,689:('2564 Bacteria left',)
2016-10-28 15:31:55,587:('1017 Samples left',)
2016-10-28 15:31:55,621:('Loading biom table ../data/pgp.baylor.clean.withtax.biom',)
2016-10-28 15:31:56,210:('Loading mapping file ../data/map.pgp.txt',)
2016-10-28 15:31:56,232:('number of samples in map is 429',)
2016-10-28 15:31:56,234:('number of samples in table is 437',)
2016-10-28 15:31:56,234:('Table sample Fermanagh.Mouth not found in mapping file',)
2016-10-28 15:31:56,234:('Table sample Elmira.Stool not found in mapping file',)
2016-10-28 15:31:56,234:('Table sample Erlandson.Stool not found in mapping file',)
2016-10-28 15:31:56,234:('Table sample Innkeeper.Forehead not found in mapping file',)
2016-10-28 15:31:56,235:('Table sample Tewmac.Mouth not found in mapping file',)
2016-10-28 15:31:56,235:('Table sample Pinrock.Rightpalm not found in mapping file',)
2016-10-28 15:31:56,235:('Table sample Lippokd.Forehead not found in mapping file',)
2016-10-28 15:31:56,235:('Table sample Delmore.Leftpalm not found in mapping file',)
2016-10-28 15:31:56,235:('Table sample Goddu.Forehead not found in mapping file',)
2016-10-28 15:31:56,235:('Table sample Menekish.Stool not found in mapping file',)
2016-10-28 15:31:56,236:('removing 10 samples',)
2016-10-28 15:31:56,246:('deleted. number of samples in table is now 427',)
2016-10-28 15:31:56,250:('removing 2 samples from mapping file',)
2016-10-28 15:31:56,251:('number of samples in mapping file is now 427',)
2016-10-28 15:32:00,288:('Samples with 0 reads: 2',)
2016-10-28 15:32:01,478:('80 Samples left',)
2016-10-28 15:32:01,789:('79 Samples left',)
2016-10-28 15:32:01,818:('Loading biom table ../data/ercolini.feces.clean.withtax.biom',)
2016-10-28 15:32:01,964:('Loading mapping file ../data/map.ercolini.txt',)
2016-10-28 15:32:01,976:('number of samples in map is 96',)
2016-10-28 15:32:01,977:('number of samples in table is 93',)
2016-10-28 15:32:01,978:('removing 0 samples',)
2016-10-28 15:32:01,978:('deleted. number of samples in table is now 93',)
2016-10-28 15:32:01,978:('removing 3 samples from mapping file',)
2016-10-28 15:32:01,979:('number of samples in mapping file is now 93',)
2016-10-28 15:32:02,937:('Samples with 0 reads: 4',)
2016-10-28 15:32:03,097:('89 Samples left',)
2016-10-28 15:32:03,163:('88 Samples left',)
2016-10-28 16:52:49,992:*************************
2016-10-28 16:52:49,996:logging started
2016-10-28 16:52:49,998:('loading cooldb',)
2016-10-28 16:52:50,642:('cooldb loaded',)
2016-10-28 16:52:50,642:('loading bactdb',)
2016-10-28 16:52:50,643:('bactdb loaded',)
2016-10-28 16:52:50,643:('loading supercooldb',)
2016-10-28 16:52:50,644:('supercooldb loaded',)
2016-10-28 16:52:50,724:('Loading biom table ../data/storage.sejin.new.clean.withtax.biom',)
2016-10-28 16:52:51,666:('Loading mapping file ../data/map.storage.sejin.txt',)
2016-10-28 16:52:51,682:('number of samples in map is 1142',)
2016-10-28 16:52:51,684:('number of samples in table is 1141',)
2016-10-28 16:52:51,694:('removing 0 samples',)
2016-10-28 16:52:51,695:('deleted. number of samples in table is now 1141',)
2016-10-28 16:52:51,727:('removing 1 samples from mapping file',)
2016-10-28 16:52:51,727:('number of samples in mapping file is now 1141',)
2016-10-28 16:52:56,459:('220 Samples left',)
2016-10-28 16:52:56,630:('75 Samples left',)
2016-10-28 16:52:56,840:('75 Samples left',)
2016-10-28 16:52:56,872:('Loading biom table ../data/mayo.new.min10.clean.withtax.biom',)
2016-10-28 16:52:57,079:('Loading mapping file ../data/map.mayo1.txt',)
2016-10-28 16:52:57,135:('number of samples in map is 960',)
2016-10-28 16:52:57,139:('number of samples in table is 958',)
2016-10-28 16:52:57,154:('removing 0 samples',)
2016-10-28 16:52:57,154:('deleted. number of samples in table is now 958',)
2016-10-28 16:52:57,183:('removing 2 samples from mapping file',)
2016-10-28 16:52:57,184:('number of samples in mapping file is now 958',)
2016-10-28 16:52:58,206:('Samples with 0 reads: 18',)
2016-10-28 16:52:58,785:('252 Samples left',)
2016-10-28 16:52:58,957:('242 Samples left',)
2016-10-28 16:52:58,992:('Loading biom table ../data/ag-6-2016.clean.min100.withtax.biom',)
2016-10-28 16:53:00,932:('Loading mapping file ../data/map.ag-6-2016.txt',)
2016-10-28 16:53:02,351:('number of samples in map is 9919',)
2016-10-28 16:53:02,460:('number of samples in table is 9919',)
2016-10-28 16:53:04,172:('removing 0 samples',)
2016-10-28 16:53:04,173:('deleted. number of samples in table is now 9919',)
2016-10-28 16:53:07,069:('number of samples in mapping file is now 9919',)
2016-10-28 16:53:09,822:('Samples with 0 reads: 1214',)
2016-10-28 16:53:38,690:('7286 Samples left',)
2016-10-28 16:53:45,652:('1 conversions failed',)
2016-10-28 16:54:00,058:('7073 Samples left',)
2016-10-28 16:54:00,231:('Loading biom table ../data/twins2.clean.min10.withtax.biom',)
2016-10-28 16:54:00,606:('Loading mapping file ../data/map.twins2.txt',)
2016-10-28 16:54:00,643:('number of samples in map is 1081',)
2016-10-28 16:54:00,647:('number of samples in table is 1046',)
2016-10-28 16:54:00,656:('removing 0 samples',)
2016-10-28 16:54:00,656:('deleted. number of samples in table is now 1046',)
2016-10-28 16:54:00,685:('removing 35 samples from mapping file',)
2016-10-28 16:54:00,685:('number of samples in mapping file is now 1046',)
2016-10-28 16:54:02,782:('Samples with 0 reads: 29',)
2016-10-28 16:54:03,760:('2564 Bacteria left',)
2016-10-28 16:54:07,399:('1017 Samples left',)
2016-10-28 16:54:07,436:('Loading biom table ../data/pgp.baylor.clean.withtax.biom',)
2016-10-28 16:54:08,024:('Loading mapping file ../data/map.pgp.txt',)
2016-10-28 16:54:08,047:('number of samples in map is 429',)
2016-10-28 16:54:08,048:('number of samples in table is 437',)
2016-10-28 16:54:08,048:('Table sample Fermanagh.Mouth not found in mapping file',)
2016-10-28 16:54:08,049:('Table sample Elmira.Stool not found in mapping file',)
2016-10-28 16:54:08,049:('Table sample Erlandson.Stool not found in mapping file',)
2016-10-28 16:54:08,049:('Table sample Innkeeper.Forehead not found in mapping file',)
2016-10-28 16:54:08,049:('Table sample Tewmac.Mouth not found in mapping file',)
2016-10-28 16:54:08,049:('Table sample Pinrock.Rightpalm not found in mapping file',)
2016-10-28 16:54:08,049:('Table sample Lippokd.Forehead not found in mapping file',)
2016-10-28 16:54:08,050:('Table sample Delmore.Leftpalm not found in mapping file',)
2016-10-28 16:54:08,050:('Table sample Goddu.Forehead not found in mapping file',)
2016-10-28 16:54:08,050:('Table sample Menekish.Stool not found in mapping file',)
2016-10-28 16:54:08,050:('removing 10 samples',)
2016-10-28 16:54:08,061:('deleted. number of samples in table is now 427',)
2016-10-28 16:54:08,066:('removing 2 samples from mapping file',)
2016-10-28 16:54:08,066:('number of samples in mapping file is now 427',)
2016-10-28 16:54:11,754:('Samples with 0 reads: 2',)
2016-10-28 16:54:13,038:('80 Samples left',)
2016-10-28 16:54:13,442:('79 Samples left',)
2016-10-28 16:54:13,485:('Loading biom table ../data/ercolini.feces.clean.withtax.biom',)
2016-10-28 16:54:13,663:('Loading mapping file ../data/map.ercolini.txt',)
2016-10-28 16:54:13,670:('number of samples in map is 96',)
2016-10-28 16:54:13,672:('number of samples in table is 93',)
2016-10-28 16:54:13,672:('removing 0 samples',)
2016-10-28 16:54:13,672:('deleted. number of samples in table is now 93',)
2016-10-28 16:54:13,673:('removing 3 samples from mapping file',)
2016-10-28 16:54:13,673:('number of samples in mapping file is now 93',)
2016-10-28 16:54:14,583:('Samples with 0 reads: 4',)
2016-10-28 16:54:14,736:('89 Samples left',)
2016-10-28 16:54:14,809:('88 Samples left',)
2016-10-28 16:54:15,201:('241 Samples left',)
2016-10-28 16:54:15,456:('92 Samples left',)
2016-10-28 16:54:15,574:('74 Samples left',)
2016-10-28 16:54:16,097:('241 Samples left',)
2016-10-28 16:54:16,368:('92 Samples left',)
2016-10-28 16:54:16,505:('75 Samples left',)
2016-10-28 16:54:17,001:('75 Samples left',)
2016-10-28 16:54:17,162:('75 Samples left',)
2016-10-28 16:54:17,326:('75 Samples left',)
2016-10-28 16:54:17,502:('15 Samples left',)
2016-10-28 16:54:17,676:('15 Samples left',)
2016-10-28 16:54:18,397:('75 Samples left',)
2016-10-28 16:54:18,559:('75 Samples left',)
2016-10-28 16:54:18,733:('75 Samples left',)
2016-10-28 16:54:18,911:('15 Samples left',)
2016-10-28 16:54:19,079:('15 Samples left',)
2016-10-28 16:54:19,673:('75 Samples left',)
2016-10-28 16:54:19,854:('75 Samples left',)
2016-10-28 16:54:20,029:('75 Samples left',)
2016-10-28 16:54:20,208:('15 Samples left',)
2016-10-28 16:54:20,376:('30 Samples left',)
2016-10-28 16:55:16,000:('7073 Samples left',)
2016-10-28 16:55:27,253:('1184 Samples left',)
2016-10-28 17:01:44,799:('8257 samples before filtering, 4 after',)
2016-10-28 17:01:55,988:('8257 samples before filtering, 4 after',)
2016-10-28 17:13:51,279:('8257 samples before filtering, 4 after',)
2016-10-28 17:19:26,842:*************************
2016-10-28 17:19:26,842:logging started
2016-10-28 17:19:26,842:('loading cooldb',)
2016-10-28 17:19:27,414:('cooldb loaded',)
2016-10-28 17:19:27,414:('loading bactdb',)
2016-10-28 17:19:27,416:('bactdb loaded',)
2016-10-28 17:19:27,416:('loading supercooldb',)
2016-10-28 17:19:27,416:('supercooldb loaded',)
2016-10-28 17:26:17,285:('Loading biom table ../data/storage.sejin.new.clean.withtax.biom',)
2016-10-28 17:26:18,191:('Loading mapping file ../data/map.storage.sejin.txt',)
2016-10-28 17:26:18,206:('number of samples in map is 1142',)
2016-10-28 17:26:18,207:('number of samples in table is 1141',)
2016-10-28 17:26:18,216:('removing 0 samples',)
2016-10-28 17:26:18,216:('deleted. number of samples in table is now 1141',)
2016-10-28 17:26:18,245:('removing 1 samples from mapping file',)
2016-10-28 17:26:18,245:('number of samples in mapping file is now 1141',)
2016-10-28 17:28:47,635:('220 Samples left',)
2016-10-28 17:28:47,817:('75 Samples left',)
2016-10-28 17:28:47,991:('75 Samples left',)
2016-10-28 17:30:00,529:('Loading biom table ../data/mayo.new.min10.clean.withtax.biom',)
2016-10-28 17:30:00,760:('Loading mapping file ../data/map.mayo1.txt',)
2016-10-28 17:30:00,787:('number of samples in map is 960',)
2016-10-28 17:30:00,790:('number of samples in table is 958',)
2016-10-28 17:30:00,802:('removing 0 samples',)
2016-10-28 17:30:00,802:('deleted. number of samples in table is now 958',)
2016-10-28 17:30:00,832:('removing 2 samples from mapping file',)
2016-10-28 17:30:00,832:('number of samples in mapping file is now 958',)
2016-10-28 17:30:01,894:('Samples with 0 reads: 18',)
2016-10-28 17:30:02,465:('252 Samples left',)
2016-10-28 17:30:02,599:('242 Samples left',)
2016-10-28 17:32:16,543:('Loading biom table ../data/mayo.new.min10.clean.withtax.biom',)
2016-10-28 17:32:16,690:('Loading mapping file ../data/map.mayo1.txt',)
2016-10-28 17:32:16,714:('number of samples in map is 960',)
2016-10-28 17:32:16,717:('number of samples in table is 958',)
2016-10-28 17:32:16,727:('removing 0 samples',)
2016-10-28 17:32:16,727:('deleted. number of samples in table is now 958',)
2016-10-28 17:32:16,756:('removing 2 samples from mapping file',)
2016-10-28 17:32:16,756:('number of samples in mapping file is now 958',)
2016-10-28 17:32:17,940:('Samples with 0 reads: 18',)
2016-10-28 17:32:18,551:('252 Samples left',)
2016-10-28 17:32:18,687:('242 Samples left',)
2016-10-28 17:33:48,107:('Loading biom table ../data/ag-6-2016.clean.min100.withtax.biom',)
2016-10-28 17:33:50,299:('Loading mapping file ../data/map.ag-6-2016.txt',)
2016-10-28 17:33:51,804:('number of samples in map is 9919',)
2016-10-28 17:33:51,909:('number of samples in table is 9919',)
2016-10-28 17:33:53,332:('removing 0 samples',)
2016-10-28 17:33:53,332:('deleted. number of samples in table is now 9919',)
2016-10-28 17:33:56,159:('number of samples in mapping file is now 9919',)
2016-10-28 17:33:59,232:('Samples with 0 reads: 1214',)
2016-10-28 17:34:27,625:('7286 Samples left',)
2016-10-28 17:34:34,938:('1 conversions failed',)
2016-10-28 17:34:50,541:('7073 Samples left',)
2016-10-28 17:38:56,282:('Loading biom table ../data/ercolini.feces.clean.withtax.biom',)
2016-10-28 17:38:56,368:('Loading mapping file ../data/map.ercolini.txt',)
2016-10-28 17:38:56,376:('number of samples in map is 96',)
2016-10-28 17:38:56,377:('number of samples in table is 93',)
2016-10-28 17:38:56,377:('removing 0 samples',)
2016-10-28 17:38:56,377:('deleted. number of samples in table is now 93',)
2016-10-28 17:38:56,378:('removing 3 samples from mapping file',)
2016-10-28 17:38:56,378:('number of samples in mapping file is now 93',)
2016-10-28 17:38:57,305:('Samples with 0 reads: 4',)
2016-10-28 17:38:57,442:('89 Samples left',)
2016-10-28 17:38:57,492:('88 Samples left',)
2016-10-28 17:38:58,809:('Loading biom table ../data/pgp.baylor.clean.withtax.biom',)
2016-10-28 17:38:59,383:('Loading mapping file ../data/map.pgp.txt',)
2016-10-28 17:38:59,406:('number of samples in map is 429',)
2016-10-28 17:38:59,407:('number of samples in table is 437',)
2016-10-28 17:38:59,408:('Table sample Fermanagh.Mouth not found in mapping file',)
2016-10-28 17:38:59,408:('Table sample Elmira.Stool not found in mapping file',)
2016-10-28 17:38:59,408:('Table sample Erlandson.Stool not found in mapping file',)
2016-10-28 17:38:59,408:('Table sample Innkeeper.Forehead not found in mapping file',)
2016-10-28 17:38:59,408:('Table sample Tewmac.Mouth not found in mapping file',)
2016-10-28 17:38:59,409:('Table sample Pinrock.Rightpalm not found in mapping file',)
2016-10-28 17:38:59,409:('Table sample Lippokd.Forehead not found in mapping file',)
2016-10-28 17:38:59,409:('Table sample Delmore.Leftpalm not found in mapping file',)
2016-10-28 17:38:59,409:('Table sample Goddu.Forehead not found in mapping file',)
2016-10-28 17:38:59,409:('Table sample Menekish.Stool not found in mapping file',)
2016-10-28 17:38:59,410:('removing 10 samples',)
2016-10-28 17:38:59,420:('deleted. number of samples in table is now 427',)
2016-10-28 17:38:59,426:('removing 2 samples from mapping file',)
2016-10-28 17:38:59,427:('number of samples in mapping file is now 427',)
2016-10-28 17:39:03,468:('Samples with 0 reads: 2',)
2016-10-28 17:39:04,589:('80 Samples left',)
2016-10-28 17:39:04,844:('79 Samples left',)
2016-10-28 22:08:07,584:*************************
2016-10-28 22:08:07,585:logging started
2016-10-28 22:08:07,585:('loading cooldb',)
2016-10-28 22:08:08,137:('cooldb loaded',)
2016-10-28 22:08:08,137:('loading bactdb',)
2016-10-28 22:08:08,140:('bactdb loaded',)
2016-10-28 22:08:08,140:('loading supercooldb',)
2016-10-28 22:08:08,140:('supercooldb loaded',)
2016-10-28 22:08:11,778:('Loading biom table ../data/storage.sejin.new.clean.withtax.biom',)
2016-10-28 22:08:12,594:('Loading mapping file ../data/map.storage.sejin.txt',)
2016-10-28 22:08:12,609:('number of samples in map is 1142',)
2016-10-28 22:08:12,611:('number of samples in table is 1141',)
2016-10-28 22:08:12,620:('removing 0 samples',)
2016-10-28 22:08:12,620:('deleted. number of samples in table is now 1141',)
2016-10-28 22:08:12,648:('removing 1 samples from mapping file',)
2016-10-28 22:08:12,648:('number of samples in mapping file is now 1141',)
2016-10-28 22:08:17,298:('220 Samples left',)
2016-10-28 22:08:17,476:('75 Samples left',)
2016-10-28 22:08:17,649:('75 Samples left',)
2016-10-28 22:08:17,683:('Loading biom table ../data/mayo.new.min10.clean.withtax.biom',)
2016-10-28 22:08:17,905:('Loading mapping file ../data/map.mayo1.txt',)
2016-10-28 22:08:17,932:('number of samples in map is 960',)
2016-10-28 22:08:17,935:('number of samples in table is 958',)
2016-10-28 22:08:17,945:('removing 0 samples',)
2016-10-28 22:08:17,946:('deleted. number of samples in table is now 958',)
2016-10-28 22:08:17,973:('removing 2 samples from mapping file',)
2016-10-28 22:08:17,973:('number of samples in mapping file is now 958',)
2016-10-28 22:08:19,026:('Samples with 0 reads: 18',)
2016-10-28 22:08:19,534:('252 Samples left',)
2016-10-28 22:08:19,651:('242 Samples left',)
2016-10-28 22:08:19,685:('Loading biom table ../data/ag-6-2016.clean.min100.withtax.biom',)
2016-10-28 22:08:21,436:('Loading mapping file ../data/map.ag-6-2016.txt',)
2016-10-28 22:08:22,790:('number of samples in map is 9919',)
2016-10-28 22:08:22,904:('number of samples in table is 9919',)
2016-10-28 22:08:24,462:('removing 0 samples',)
2016-10-28 22:08:24,462:('deleted. number of samples in table is now 9919',)
2016-10-28 22:08:27,053:('number of samples in mapping file is now 9919',)
2016-10-28 22:08:29,710:('Samples with 0 reads: 1214',)
2016-10-28 22:08:55,554:('7286 Samples left',)
2016-10-28 22:09:02,791:('1 conversions failed',)
2016-10-28 22:09:17,156:('7073 Samples left',)
2016-10-28 22:09:17,307:('Loading biom table ../data/twins2.clean.min10.withtax.biom',)
2016-10-28 22:09:17,671:('Loading mapping file ../data/map.twins2.txt',)
2016-10-28 22:09:17,709:('number of samples in map is 1081',)
2016-10-28 22:09:17,713:('number of samples in table is 1046',)
2016-10-28 22:09:17,722:('removing 0 samples',)
2016-10-28 22:09:17,722:('deleted. number of samples in table is now 1046',)
2016-10-28 22:09:17,753:('removing 35 samples from mapping file',)
2016-10-28 22:09:17,753:('number of samples in mapping file is now 1046',)
2016-10-28 22:09:19,864:('Samples with 0 reads: 29',)
2016-10-28 22:09:20,761:('2564 Bacteria left',)
2016-10-28 22:09:24,326:('1017 Samples left',)
2016-10-28 22:09:24,364:('Loading biom table ../data/pgp.baylor.clean.withtax.biom',)
2016-10-28 22:09:24,903:('Loading mapping file ../data/map.pgp.txt',)
2016-10-28 22:09:24,924:('number of samples in map is 429',)
2016-10-28 22:09:24,926:('number of samples in table is 437',)
2016-10-28 22:09:24,926:('Table sample Fermanagh.Mouth not found in mapping file',)
2016-10-28 22:09:24,926:('Table sample Elmira.Stool not found in mapping file',)
2016-10-28 22:09:24,926:('Table sample Erlandson.Stool not found in mapping file',)
2016-10-28 22:09:24,927:('Table sample Innkeeper.Forehead not found in mapping file',)
2016-10-28 22:09:24,927:('Table sample Tewmac.Mouth not found in mapping file',)
2016-10-28 22:09:24,927:('Table sample Pinrock.Rightpalm not found in mapping file',)
2016-10-28 22:09:24,927:('Table sample Lippokd.Forehead not found in mapping file',)
2016-10-28 22:09:24,927:('Table sample Delmore.Leftpalm not found in mapping file',)
2016-10-28 22:09:24,927:('Table sample Goddu.Forehead not found in mapping file',)
2016-10-28 22:09:24,928:('Table sample Menekish.Stool not found in mapping file',)
2016-10-28 22:09:24,928:('removing 10 samples',)
2016-10-28 22:09:24,938:('deleted. number of samples in table is now 427',)
2016-10-28 22:09:24,943:('removing 2 samples from mapping file',)
2016-10-28 22:09:24,943:('number of samples in mapping file is now 427',)
2016-10-28 22:09:28,624:('Samples with 0 reads: 2',)
2016-10-28 22:09:29,765:('80 Samples left',)
2016-10-28 22:09:30,019:('79 Samples left',)
2016-10-28 22:09:30,063:('Loading biom table ../data/ercolini.feces.clean.withtax.biom',)
2016-10-28 22:09:30,232:('Loading mapping file ../data/map.ercolini.txt',)
2016-10-28 22:09:30,239:('number of samples in map is 96',)
2016-10-28 22:09:30,240:('number of samples in table is 93',)
2016-10-28 22:09:30,240:('removing 0 samples',)
2016-10-28 22:09:30,240:('deleted. number of samples in table is now 93',)
2016-10-28 22:09:30,241:('removing 3 samples from mapping file',)
2016-10-28 22:09:30,241:('number of samples in mapping file is now 93',)
2016-10-28 22:09:31,107:('Samples with 0 reads: 4',)
2016-10-28 22:09:31,220:('89 Samples left',)
2016-10-28 22:09:31,255:('88 Samples left',)
2016-10-28 22:09:31,600:('241 Samples left',)
2016-10-28 22:09:31,858:('92 Samples left',)
2016-10-28 22:09:31,972:('74 Samples left',)
2016-10-28 22:09:32,599:('241 Samples left',)
2016-10-28 22:09:32,843:('92 Samples left',)
2016-10-28 22:09:32,977:('75 Samples left',)
2016-10-28 22:09:33,521:('75 Samples left',)
2016-10-28 22:09:33,673:('75 Samples left',)
2016-10-28 22:09:33,841:('75 Samples left',)
2016-10-28 22:09:34,012:('15 Samples left',)
2016-10-28 22:09:34,167:('15 Samples left',)
2016-10-28 22:09:34,916:('75 Samples left',)
2016-10-28 22:09:35,066:('75 Samples left',)
2016-10-28 22:09:35,229:('75 Samples left',)
2016-10-28 22:09:35,404:('15 Samples left',)
2016-10-28 22:09:35,559:('15 Samples left',)
2016-10-28 22:09:36,234:('75 Samples left',)
2016-10-28 22:09:36,385:('75 Samples left',)
2016-10-28 22:09:36,545:('75 Samples left',)
2016-10-28 22:09:36,716:('15 Samples left',)
2016-10-28 22:09:36,881:('30 Samples left',)
2016-10-29 22:49:32,793:*************************
2016-10-29 22:49:32,795:logging started
2016-10-29 22:49:32,795:('loading cooldb',)
2016-10-29 22:49:33,364:('cooldb loaded',)
2016-10-29 22:49:33,364:('loading bactdb',)
2016-10-29 22:49:33,366:('bactdb loaded',)
2016-10-29 22:49:33,366:('loading supercooldb',)
2016-10-29 22:49:33,366:('supercooldb loaded',)
2016-10-29 22:49:33,695:('Loading biom table ../data/storage.sejin.new.clean.withtax.biom',)
2016-10-29 22:49:34,529:('Loading mapping file ../data/map.storage.sejin.txt',)
2016-10-29 22:49:34,544:('number of samples in map is 1142',)
2016-10-29 22:49:34,546:('number of samples in table is 1141',)
2016-10-29 22:49:34,555:('removing 0 samples',)
2016-10-29 22:49:34,556:('deleted. number of samples in table is now 1141',)
2016-10-29 22:49:34,585:('removing 1 samples from mapping file',)
2016-10-29 22:49:34,585:('number of samples in mapping file is now 1141',)
2016-10-29 22:49:39,359:('220 Samples left',)
2016-10-29 22:49:39,528:('75 Samples left',)
2016-10-29 22:49:39,702:('75 Samples left',)
2016-10-29 22:49:39,737:('Loading biom table ../data/mayo.new.min10.clean.withtax.biom',)
2016-10-29 22:49:39,897:('Loading mapping file ../data/map.mayo1.txt',)
2016-10-29 22:49:39,927:('number of samples in map is 960',)
2016-10-29 22:49:39,930:('number of samples in table is 958',)
2016-10-29 22:49:39,941:('removing 0 samples',)
2016-10-29 22:49:39,941:('deleted. number of samples in table is now 958',)
2016-10-29 22:49:39,972:('removing 2 samples from mapping file',)
2016-10-29 22:49:39,972:('number of samples in mapping file is now 958',)
2016-10-29 22:49:41,010:('Samples with 0 reads: 18',)
2016-10-29 22:49:41,518:('252 Samples left',)
2016-10-29 22:49:41,637:('242 Samples left',)
2016-10-29 22:49:41,673:('Loading biom table ../data/ag-6-2016.clean.min100.withtax.biom',)
2016-10-29 22:49:43,476:('Loading mapping file ../data/map.ag-6-2016.txt',)
2016-10-29 22:49:44,794:('number of samples in map is 9919',)
2016-10-29 22:49:44,906:('number of samples in table is 9919',)
2016-10-29 22:49:46,334:('removing 0 samples',)
2016-10-29 22:49:46,334:('deleted. number of samples in table is now 9919',)
2016-10-29 22:49:48,944:('number of samples in mapping file is now 9919',)
2016-10-29 22:49:51,899:('Samples with 0 reads: 1214',)
2016-10-29 22:50:02,641:('Loading biom table ../data/twins2.clean.min10.withtax.biom',)
2016-10-29 22:50:03,019:('Loading mapping file ../data/map.twins2.txt',)
2016-10-29 22:50:03,060:('number of samples in map is 1081',)
2016-10-29 22:50:03,064:('number of samples in table is 1046',)
2016-10-29 22:50:03,074:('removing 0 samples',)
2016-10-29 22:50:03,074:('deleted. number of samples in table is now 1046',)
2016-10-29 22:50:03,109:('removing 35 samples from mapping file',)
2016-10-29 22:50:03,109:('number of samples in mapping file is now 1046',)
2016-10-29 22:50:05,563:('Samples with 0 reads: 29',)
2016-10-29 22:50:06,519:('2564 Bacteria left',)
2016-10-29 22:50:14,248:*************************
2016-10-29 22:50:14,248:logging started
2016-10-29 22:50:14,248:('loading cooldb',)
2016-10-29 22:50:14,803:('cooldb loaded',)
2016-10-29 22:50:14,803:('loading bactdb',)
2016-10-29 22:50:14,804:('bactdb loaded',)
2016-10-29 22:50:14,804:('loading supercooldb',)
2016-10-29 22:50:14,804:('supercooldb loaded',)
2016-10-29 22:50:27,720:('Loading biom table ../data/storage.sejin.new.clean.withtax.biom',)
2016-10-29 22:50:28,402:('Loading mapping file ../data/map.storage.sejin.txt',)
2016-10-29 22:50:28,415:('number of samples in map is 1142',)
2016-10-29 22:50:28,417:('number of samples in table is 1141',)
2016-10-29 22:50:28,426:('removing 0 samples',)
2016-10-29 22:50:28,426:('deleted. number of samples in table is now 1141',)
2016-10-29 22:50:28,454:('removing 1 samples from mapping file',)
2016-10-29 22:50:28,454:('number of samples in mapping file is now 1141',)
2016-10-29 22:50:33,818:('220 Samples left',)
2016-10-29 22:50:33,983:('75 Samples left',)
2016-10-29 22:50:34,146:('75 Samples left',)
2016-10-29 22:50:34,995:('Loading biom table ../data/mayo.new.min10.clean.withtax.biom',)
2016-10-29 22:50:35,125:('Loading mapping file ../data/map.mayo1.txt',)
2016-10-29 22:50:35,148:('number of samples in map is 960',)
2016-10-29 22:50:35,151:('number of samples in table is 958',)
2016-10-29 22:50:35,161:('removing 0 samples',)
2016-10-29 22:50:35,161:('deleted. number of samples in table is now 958',)
2016-10-29 22:50:35,188:('removing 2 samples from mapping file',)
2016-10-29 22:50:35,188:('number of samples in mapping file is now 958',)
2016-10-29 22:50:36,235:('Samples with 0 reads: 18',)
2016-10-29 22:50:36,726:('252 Samples left',)
2016-10-29 22:50:36,845:('242 Samples left',)
2016-10-29 22:50:59,145:*************************
2016-10-29 22:50:59,145:logging started
2016-10-29 22:50:59,145:('loading cooldb',)
2016-10-29 22:50:59,688:('cooldb loaded',)
2016-10-29 22:50:59,688:('loading bactdb',)
2016-10-29 22:50:59,689:('bactdb loaded',)
2016-10-29 22:50:59,689:('loading supercooldb',)
2016-10-29 22:50:59,689:('supercooldb loaded',)
2016-10-29 22:51:01,803:('Loading biom table ../data/storage.sejin.new.clean.withtax.biom',)
2016-10-29 22:51:02,495:('Loading mapping file ../data/map.storage.sejin.txt',)
2016-10-29 22:51:02,509:('number of samples in map is 1142',)
2016-10-29 22:51:02,511:('number of samples in table is 1141',)
2016-10-29 22:51:02,521:('removing 0 samples',)
2016-10-29 22:51:02,521:('deleted. number of samples in table is now 1141',)
2016-10-29 22:51:02,551:('removing 1 samples from mapping file',)
2016-10-29 22:51:02,551:('number of samples in mapping file is now 1141',)
2016-10-29 22:51:07,273:('220 Samples left',)
2016-10-29 22:51:07,442:('75 Samples left',)
2016-10-29 22:51:07,603:('75 Samples left',)
2016-10-29 22:51:09,276:('Loading biom table ../data/mayo.new.min10.clean.withtax.biom',)
2016-10-29 22:51:09,413:('Loading mapping file ../data/map.mayo1.txt',)
2016-10-29 22:51:09,436:('number of samples in map is 960',)
2016-10-29 22:51:09,439:('number of samples in table is 958',)
2016-10-29 22:51:09,449:('removing 0 samples',)
2016-10-29 22:51:09,449:('deleted. number of samples in table is now 958',)
2016-10-29 22:51:09,476:('removing 2 samples from mapping file',)
2016-10-29 22:51:09,476:('number of samples in mapping file is now 958',)
2016-10-29 22:51:10,500:('Samples with 0 reads: 18',)
2016-10-29 22:51:11,001:('252 Samples left',)
2016-10-29 22:51:11,123:('242 Samples left',)
2016-10-29 22:51:11,156:('Loading biom table ../data/ag-6-2016.clean.min100.withtax.biom',)
2016-10-29 22:51:12,890:('Loading mapping file ../data/map.ag-6-2016.txt',)
2016-10-29 22:51:14,201:('number of samples in map is 9919',)
2016-10-29 22:51:14,305:('number of samples in table is 9919',)
2016-10-29 22:51:15,726:('removing 0 samples',)
2016-10-29 22:51:15,726:('deleted. number of samples in table is now 9919',)
2016-10-29 22:51:18,350:('number of samples in mapping file is now 9919',)
2016-10-29 22:51:21,038:('Samples with 0 reads: 1214',)
2016-10-29 22:51:46,861:('7286 Samples left',)
2016-10-29 22:51:53,541:('1 conversions failed',)
2016-10-29 22:52:07,527:('7073 Samples left',)
2016-10-29 22:52:07,687:('Loading biom table ../data/twins2.clean.min10.withtax.biom',)
2016-10-29 22:52:08,011:('Loading mapping file ../data/map.twins2.txt',)
2016-10-29 22:52:08,047:('number of samples in map is 1081',)
2016-10-29 22:52:08,050:('number of samples in table is 1046',)
2016-10-29 22:52:08,061:('removing 0 samples',)
2016-10-29 22:52:08,061:('deleted. number of samples in table is now 1046',)
2016-10-29 22:52:08,092:('removing 35 samples from mapping file',)
2016-10-29 22:52:08,092:('number of samples in mapping file is now 1046',)
2016-10-29 22:52:10,332:('Samples with 0 reads: 29',)
2016-10-29 22:52:11,316:('2564 Bacteria left',)
2016-10-29 22:52:14,994:('1017 Samples left',)
2016-10-29 22:52:15,031:('Loading biom table ../data/pgp.baylor.clean.withtax.biom',)
2016-10-29 22:52:15,578:('Loading mapping file ../data/map.pgp.txt',)
2016-10-29 22:52:15,600:('number of samples in map is 429',)
2016-10-29 22:52:15,601:('number of samples in table is 437',)
2016-10-29 22:52:15,601:('Table sample Fermanagh.Mouth not found in mapping file',)
2016-10-29 22:52:15,602:('Table sample Elmira.Stool not found in mapping file',)
2016-10-29 22:52:15,602:('Table sample Erlandson.Stool not found in mapping file',)
2016-10-29 22:52:15,602:('Table sample Innkeeper.Forehead not found in mapping file',)
2016-10-29 22:52:15,602:('Table sample Tewmac.Mouth not found in mapping file',)
2016-10-29 22:52:15,602:('Table sample Pinrock.Rightpalm not found in mapping file',)
2016-10-29 22:52:15,602:('Table sample Lippokd.Forehead not found in mapping file',)
2016-10-29 22:52:15,602:('Table sample Delmore.Leftpalm not found in mapping file',)
2016-10-29 22:52:15,603:('Table sample Goddu.Forehead not found in mapping file',)
2016-10-29 22:52:15,603:('Table sample Menekish.Stool not found in mapping file',)
2016-10-29 22:52:15,603:('removing 10 samples',)
2016-10-29 22:52:15,614:('deleted. number of samples in table is now 427',)
2016-10-29 22:52:15,619:('removing 2 samples from mapping file',)
2016-10-29 22:52:15,619:('number of samples in mapping file is now 427',)
2016-10-29 22:52:19,521:('Samples with 0 reads: 2',)
2016-10-29 22:52:20,693:('80 Samples left',)
2016-10-29 22:52:20,956:('79 Samples left',)
2016-10-29 22:52:20,995:('Loading biom table ../data/ercolini.feces.clean.withtax.biom',)
2016-10-29 22:52:21,132:('Loading mapping file ../data/map.ercolini.txt',)
2016-10-29 22:52:21,139:('number of samples in map is 96',)
2016-10-29 22:52:21,141:('number of samples in table is 93',)
2016-10-29 22:52:21,141:('removing 0 samples',)
2016-10-29 22:52:21,141:('deleted. number of samples in table is now 93',)
2016-10-29 22:52:21,141:('removing 3 samples from mapping file',)
2016-10-29 22:52:21,141:('number of samples in mapping file is now 93',)
2016-10-29 22:52:22,003:('Samples with 0 reads: 4',)
2016-10-29 22:52:22,126:('89 Samples left',)
2016-10-29 22:52:22,164:('88 Samples left',)
2016-10-29 22:52:22,487:('241 Samples left',)
2016-10-29 22:52:22,727:('92 Samples left',)
2016-10-29 22:52:22,843:('74 Samples left',)
2016-10-29 22:54:12,366:*************************
2016-10-29 22:54:12,366:logging started
2016-10-29 22:54:12,366:('loading cooldb',)
2016-10-29 22:54:12,915:('cooldb loaded',)
2016-10-29 22:54:12,915:('loading bactdb',)
2016-10-29 22:54:12,916:('bactdb loaded',)
2016-10-29 22:54:12,916:('loading supercooldb',)
2016-10-29 22:54:12,916:('supercooldb loaded',)
2016-10-29 22:54:50,480:*************************
2016-10-29 22:54:50,481:logging started
2016-10-29 22:54:50,481:('loading cooldb',)
2016-10-29 22:54:51,024:('cooldb loaded',)
2016-10-29 22:54:51,024:('loading bactdb',)
2016-10-29 22:54:51,024:('bactdb loaded',)
2016-10-29 22:54:51,025:('loading supercooldb',)
2016-10-29 22:54:51,025:('supercooldb loaded',)
2016-10-29 22:56:03,176:*************************
2016-10-29 22:56:03,176:logging started
2016-10-29 22:56:03,176:('loading cooldb',)
2016-10-29 22:56:03,717:('cooldb loaded',)
2016-10-29 22:56:03,717:('loading bactdb',)
2016-10-29 22:56:03,718:('bactdb loaded',)
2016-10-29 22:56:03,718:('loading supercooldb',)
2016-10-29 22:56:03,718:('supercooldb loaded',)
2016-10-29 22:58:34,286:*************************
2016-10-29 22:58:34,286:logging started
2016-10-29 22:58:34,286:('loading cooldb',)
2016-10-29 22:58:34,834:('cooldb loaded',)
2016-10-29 22:58:34,835:('loading bactdb',)
2016-10-29 22:58:34,835:('bactdb loaded',)
2016-10-29 22:58:34,835:('loading supercooldb',)
2016-10-29 22:58:34,836:('supercooldb loaded',)
2016-10-29 22:58:41,499:('Loading biom table ../data/storage.sejin.new.clean.withtax.biom',)
2016-10-29 22:58:42,239:('Loading mapping file ../data/map.storage.sejin.txt',)
2016-10-29 22:58:42,253:('number of samples in map is 1142',)
2016-10-29 22:58:42,255:('number of samples in table is 1141',)
2016-10-29 22:58:42,265:('removing 0 samples',)
2016-10-29 22:58:42,265:('deleted. number of samples in table is now 1141',)
2016-10-29 22:58:42,298:('removing 1 samples from mapping file',)
2016-10-29 22:58:42,298:('number of samples in mapping file is now 1141',)
2016-10-29 22:58:46,980:('220 Samples left',)
2016-10-29 22:58:47,163:('75 Samples left',)
2016-10-29 22:58:47,340:('75 Samples left',)
2016-10-29 22:58:47,376:('Loading biom table ../data/mayo.new.min10.clean.withtax.biom',)
2016-10-29 22:58:47,558:('Loading mapping file ../data/map.mayo1.txt',)
2016-10-29 22:58:47,583:('number of samples in map is 960',)
2016-10-29 22:58:47,587:('number of samples in table is 958',)
2016-10-29 22:58:47,598:('removing 0 samples',)
2016-10-29 22:58:47,598:('deleted. number of samples in table is now 958',)
2016-10-29 22:58:47,628:('removing 2 samples from mapping file',)
2016-10-29 22:58:47,629:('number of samples in mapping file is now 958',)
2016-10-29 22:58:48,654:('Samples with 0 reads: 18',)
2016-10-29 22:58:49,195:('252 Samples left',)
2016-10-29 22:58:49,311:('242 Samples left',)
2016-10-29 22:58:49,345:('Loading biom table ../data/ag-6-2016.clean.min100.withtax.biom',)
2016-10-29 22:58:51,077:('Loading mapping file ../data/map.ag-6-2016.txt',)
2016-10-29 22:58:52,386:('number of samples in map is 9919',)
2016-10-29 22:58:52,491:('number of samples in table is 9919',)
2016-10-29 22:58:54,116:('removing 0 samples',)
2016-10-29 22:58:54,117:('deleted. number of samples in table is now 9919',)
2016-10-29 22:58:56,709:('number of samples in mapping file is now 9919',)
2016-10-29 22:58:59,360:('Samples with 0 reads: 1214',)
2016-10-29 22:59:26,010:('7286 Samples left',)
2016-10-29 22:59:32,987:('1 conversions failed',)
2016-10-29 22:59:47,608:('7073 Samples left',)
2016-10-29 22:59:47,784:('Loading biom table ../data/twins2.clean.min10.withtax.biom',)
2016-10-29 22:59:48,095:('Loading mapping file ../data/map.twins2.txt',)
2016-10-29 22:59:48,128:('number of samples in map is 1081',)
2016-10-29 22:59:48,132:('number of samples in table is 1046',)
2016-10-29 22:59:48,142:('removing 0 samples',)
2016-10-29 22:59:48,142:('deleted. number of samples in table is now 1046',)
2016-10-29 22:59:48,170:('removing 35 samples from mapping file',)
2016-10-29 22:59:48,170:('number of samples in mapping file is now 1046',)
2016-10-29 22:59:50,390:('Samples with 0 reads: 29',)
2016-10-29 22:59:51,344:('2564 Bacteria left',)
2016-10-29 22:59:55,246:('1017 Samples left',)
2016-10-29 22:59:55,289:('Loading biom table ../data/pgp.baylor.clean.withtax.biom',)
2016-10-29 22:59:55,757:('Loading mapping file ../data/map.pgp.txt',)
2016-10-29 22:59:55,780:('number of samples in map is 429',)
2016-10-29 22:59:55,782:('number of samples in table is 437',)
2016-10-29 22:59:55,783:('Table sample Fermanagh.Mouth not found in mapping file',)
2016-10-29 22:59:55,783:('Table sample Elmira.Stool not found in mapping file',)
2016-10-29 22:59:55,784:('Table sample Erlandson.Stool not found in mapping file',)
2016-10-29 22:59:55,784:('Table sample Innkeeper.Forehead not found in mapping file',)
2016-10-29 22:59:55,784:('Table sample Tewmac.Mouth not found in mapping file',)
2016-10-29 22:59:55,784:('Table sample Pinrock.Rightpalm not found in mapping file',)
2016-10-29 22:59:55,784:('Table sample Lippokd.Forehead not found in mapping file',)
2016-10-29 22:59:55,785:('Table sample Delmore.Leftpalm not found in mapping file',)
2016-10-29 22:59:55,785:('Table sample Goddu.Forehead not found in mapping file',)
2016-10-29 22:59:55,785:('Table sample Menekish.Stool not found in mapping file',)
2016-10-29 22:59:55,785:('removing 10 samples',)
2016-10-29 22:59:55,794:('deleted. number of samples in table is now 427',)
2016-10-29 22:59:55,800:('removing 2 samples from mapping file',)
2016-10-29 22:59:55,800:('number of samples in mapping file is now 427',)
2016-10-29 22:59:59,724:('Samples with 0 reads: 2',)
2016-10-29 23:00:00,817:('80 Samples left',)
2016-10-29 23:00:01,072:('79 Samples left',)
2016-10-29 23:00:01,104:('Loading biom table ../data/ercolini.feces.clean.withtax.biom',)
2016-10-29 23:00:01,245:('Loading mapping file ../data/map.ercolini.txt',)
2016-10-29 23:00:01,251:('number of samples in map is 96',)
2016-10-29 23:00:01,253:('number of samples in table is 93',)
2016-10-29 23:00:01,253:('removing 0 samples',)
2016-10-29 23:00:01,253:('deleted. number of samples in table is now 93',)
2016-10-29 23:00:01,254:('removing 3 samples from mapping file',)
2016-10-29 23:00:01,254:('number of samples in mapping file is now 93',)
2016-10-29 23:00:02,152:('Samples with 0 reads: 4',)
2016-10-29 23:00:02,276:('89 Samples left',)
2016-10-29 23:00:02,315:('88 Samples left',)
2016-10-29 23:00:56,976:('241 Samples left',)
2016-10-29 23:00:57,213:('92 Samples left',)
2016-10-29 23:00:57,330:('74 Samples left',)
2016-10-29 23:02:37,162:('241 Samples left',)
2016-10-29 23:02:37,397:('92 Samples left',)
2016-10-29 23:02:37,522:('74 Samples left',)
2016-10-29 23:04:03,226:('241 Samples left',)
2016-10-29 23:04:03,486:('92 Samples left',)
2016-10-29 23:04:03,619:('74 Samples left',)
2016-10-29 23:06:53,873:('241 Samples left',)
2016-10-29 23:06:54,115:('92 Samples left',)
2016-10-29 23:06:54,236:('74 Samples left',)
2016-10-29 23:07:14,354:('241 Samples left',)
2016-10-29 23:07:14,584:('92 Samples left',)
2016-10-29 23:07:14,704:('75 Samples left',)
2016-10-29 23:07:16,544:('75 Samples left',)
2016-10-29 23:07:16,703:('75 Samples left',)
2016-10-29 23:07:16,882:('75 Samples left',)
2016-10-29 23:07:17,158:('15 Samples left',)
2016-10-29 23:07:17,317:('15 Samples left',)
2016-10-29 23:07:22,740:('75 Samples left',)
2016-10-29 23:07:22,893:('75 Samples left',)
2016-10-29 23:07:23,062:('75 Samples left',)
2016-10-29 23:07:23,216:('15 Samples left',)
2016-10-29 23:07:23,371:('15 Samples left',)
2016-10-29 23:07:41,018:('75 Samples left',)
2016-10-29 23:07:41,177:('75 Samples left',)
2016-10-29 23:07:41,338:('75 Samples left',)
2016-10-29 23:07:41,490:('15 Samples left',)
2016-10-29 23:07:41,662:('30 Samples left',)
2016-10-29 23:08:39,614:('7073 Samples left',)
2016-10-29 23:08:50,786:('1184 Samples left',)
2016-10-29 23:34:17,537:('241 Samples left',)
2016-10-29 23:34:17,786:('92 Samples left',)
2016-10-29 23:34:17,910:('74 Samples left',)
2016-10-29 23:34:24,973:('241 Samples left',)
2016-10-29 23:34:25,236:('92 Samples left',)
2016-10-29 23:34:25,365:('75 Samples left',)
2016-10-29 23:34:27,738:('75 Samples left',)
2016-10-29 23:34:27,908:('75 Samples left',)
2016-10-29 23:34:28,080:('75 Samples left',)
2016-10-29 23:34:28,249:('15 Samples left',)
2016-10-29 23:34:28,417:('15 Samples left',)
2016-10-29 23:34:29,132:('75 Samples left',)
2016-10-29 23:34:29,293:('75 Samples left',)
2016-10-29 23:34:29,468:('75 Samples left',)
2016-10-29 23:34:29,789:('15 Samples left',)
2016-10-29 23:34:29,945:('15 Samples left',)
2016-10-29 23:34:34,134:('75 Samples left',)
2016-10-29 23:34:34,289:('75 Samples left',)
2016-10-29 23:34:34,446:('75 Samples left',)
2016-10-29 23:34:34,612:('15 Samples left',)
2016-10-29 23:34:34,791:('30 Samples left',)
2016-10-29 23:34:57,754:('241 Samples left',)
2016-10-29 23:34:58,000:('92 Samples left',)
2016-10-29 23:34:58,122:('74 Samples left',)
2016-10-29 23:35:51,605:('241 Samples left',)
2016-10-29 23:35:51,846:('92 Samples left',)
2016-10-29 23:35:51,961:('74 Samples left',)
2016-10-29 23:36:32,878:('241 Samples left',)
2016-10-29 23:36:33,115:('92 Samples left',)
2016-10-29 23:36:33,237:('74 Samples left',)
2016-10-29 23:36:41,066:('241 Samples left',)
2016-10-29 23:36:41,294:('92 Samples left',)
2016-10-29 23:36:41,426:('75 Samples left',)
2016-10-29 23:36:43,698:('75 Samples left',)
2016-10-29 23:36:43,855:('75 Samples left',)
2016-10-29 23:36:44,023:('75 Samples left',)
2016-10-29 23:36:44,197:('15 Samples left',)
2016-10-29 23:36:44,371:('15 Samples left',)
2016-10-29 23:36:46,317:('75 Samples left',)
2016-10-29 23:36:46,471:('75 Samples left',)
2016-10-29 23:36:46,634:('75 Samples left',)
2016-10-29 23:36:46,963:('15 Samples left',)
2016-10-29 23:36:47,119:('15 Samples left',)
2016-10-29 23:36:49,707:('75 Samples left',)
2016-10-29 23:36:49,863:('75 Samples left',)
2016-10-29 23:36:50,026:('75 Samples left',)
2016-10-29 23:36:50,190:('15 Samples left',)
2016-10-29 23:36:50,353:('30 Samples left',)
2016-10-29 23:37:54,663:*************************
2016-10-29 23:37:54,663:logging started
2016-10-29 23:37:54,663:('loading cooldb',)
2016-10-29 23:37:55,245:('cooldb loaded',)
2016-10-29 23:37:55,245:('loading bactdb',)
2016-10-29 23:37:55,245:('bactdb loaded',)
2016-10-29 23:37:55,246:('loading supercooldb',)
2016-10-29 23:37:55,246:('supercooldb loaded',)
2016-10-29 23:37:55,603:('Loading biom table ../data/storage.sejin.new.clean.withtax.biom',)
2016-10-29 23:37:56,447:('Loading mapping file ../data/map.storage.sejin.txt',)
2016-10-29 23:37:56,462:('number of samples in map is 1142',)
2016-10-29 23:37:56,464:('number of samples in table is 1141',)
2016-10-29 23:37:56,473:('removing 0 samples',)
2016-10-29 23:37:56,473:('deleted. number of samples in table is now 1141',)
2016-10-29 23:37:56,502:('removing 1 samples from mapping file',)
2016-10-29 23:37:56,502:('number of samples in mapping file is now 1141',)
2016-10-29 23:38:01,071:('220 Samples left',)
2016-10-29 23:38:01,238:('75 Samples left',)
2016-10-29 23:38:01,408:('75 Samples left',)
2016-10-29 23:38:01,441:('Loading biom table ../data/mayo.new.min10.clean.withtax.biom',)
2016-10-29 23:38:01,656:('Loading mapping file ../data/map.mayo1.txt',)
2016-10-29 23:38:01,686:('number of samples in map is 960',)
2016-10-29 23:38:01,689:('number of samples in table is 958',)
2016-10-29 23:38:01,700:('removing 0 samples',)
2016-10-29 23:38:01,700:('deleted. number of samples in table is now 958',)
2016-10-29 23:38:01,727:('removing 2 samples from mapping file',)
2016-10-29 23:38:01,727:('number of samples in mapping file is now 958',)
2016-10-29 23:38:02,720:('Samples with 0 reads: 18',)
2016-10-29 23:38:03,238:('252 Samples left',)
2016-10-29 23:38:03,369:('242 Samples left',)
2016-10-29 23:38:03,403:('Loading biom table ../data/ag-6-2016.clean.min100.withtax.biom',)
2016-10-29 23:38:05,218:('Loading mapping file ../data/map.ag-6-2016.txt',)
2016-10-29 23:38:06,580:('number of samples in map is 9919',)
2016-10-29 23:38:06,690:('number of samples in table is 9919',)
2016-10-29 23:38:08,246:('removing 0 samples',)
2016-10-29 23:38:08,247:('deleted. number of samples in table is now 9919',)
2016-10-29 23:38:10,824:('number of samples in mapping file is now 9919',)
2016-10-29 23:38:13,522:('Samples with 0 reads: 1214',)
2016-10-29 23:38:39,340:('7286 Samples left',)
2016-10-29 23:38:46,218:('1 conversions failed',)
2016-10-29 23:39:01,962:('7073 Samples left',)
2016-10-29 23:39:02,138:('Loading biom table ../data/twins2.clean.min10.withtax.biom',)
2016-10-29 23:39:02,508:('Loading mapping file ../data/map.twins2.txt',)
2016-10-29 23:39:02,550:('number of samples in map is 1081',)
2016-10-29 23:39:02,554:('number of samples in table is 1046',)
2016-10-29 23:39:02,563:('removing 0 samples',)
2016-10-29 23:39:02,563:('deleted. number of samples in table is now 1046',)
2016-10-29 23:39:02,592:('removing 35 samples from mapping file',)
2016-10-29 23:39:02,592:('number of samples in mapping file is now 1046',)
2016-10-29 23:39:04,868:('Samples with 0 reads: 29',)
2016-10-29 23:39:05,831:('2564 Bacteria left',)
2016-10-29 23:39:09,571:('1017 Samples left',)
2016-10-29 23:39:09,609:('Loading biom table ../data/pgp.baylor.clean.withtax.biom',)
2016-10-29 23:39:10,152:('Loading mapping file ../data/map.pgp.txt',)
2016-10-29 23:39:10,173:('number of samples in map is 429',)
2016-10-29 23:39:10,175:('number of samples in table is 437',)
2016-10-29 23:39:10,175:('Table sample Fermanagh.Mouth not found in mapping file',)
2016-10-29 23:39:10,175:('Table sample Elmira.Stool not found in mapping file',)
2016-10-29 23:39:10,176:('Table sample Erlandson.Stool not found in mapping file',)
2016-10-29 23:39:10,176:('Table sample Innkeeper.Forehead not found in mapping file',)
2016-10-29 23:39:10,176:('Table sample Tewmac.Mouth not found in mapping file',)
2016-10-29 23:39:10,176:('Table sample Pinrock.Rightpalm not found in mapping file',)
2016-10-29 23:39:10,176:('Table sample Lippokd.Forehead not found in mapping file',)
2016-10-29 23:39:10,176:('Table sample Delmore.Leftpalm not found in mapping file',)
2016-10-29 23:39:10,177:('Table sample Goddu.Forehead not found in mapping file',)
2016-10-29 23:39:10,177:('Table sample Menekish.Stool not found in mapping file',)
2016-10-29 23:39:10,177:('removing 10 samples',)
2016-10-29 23:39:10,187:('deleted. number of samples in table is now 427',)
2016-10-29 23:39:10,193:('removing 2 samples from mapping file',)
2016-10-29 23:39:10,194:('number of samples in mapping file is now 427',)
2016-10-29 23:39:14,137:('Samples with 0 reads: 2',)
2016-10-29 23:39:15,176:('80 Samples left',)
2016-10-29 23:39:15,423:('79 Samples left',)
2016-10-29 23:39:15,453:('Loading biom table ../data/ercolini.feces.clean.withtax.biom',)
2016-10-29 23:39:15,597:('Loading mapping file ../data/map.ercolini.txt',)
2016-10-29 23:39:15,606:('number of samples in map is 96',)
2016-10-29 23:39:15,608:('number of samples in table is 93',)
2016-10-29 23:39:15,608:('removing 0 samples',)
2016-10-29 23:39:15,608:('deleted. number of samples in table is now 93',)
2016-10-29 23:39:15,609:('removing 3 samples from mapping file',)
2016-10-29 23:39:15,609:('number of samples in mapping file is now 93',)
2016-10-29 23:39:16,413:('Samples with 0 reads: 4',)
2016-10-29 23:39:16,524:('89 Samples left',)
2016-10-29 23:39:16,560:('88 Samples left',)
2016-10-29 23:39:16,832:('241 Samples left',)
2016-10-29 23:39:17,065:('92 Samples left',)
2016-10-29 23:39:17,175:('74 Samples left',)
2016-10-29 23:39:17,729:('241 Samples left',)
2016-10-29 23:39:17,963:('92 Samples left',)
2016-10-29 23:39:18,078:('75 Samples left',)
2016-10-29 23:39:18,611:('75 Samples left',)
2016-10-29 23:39:18,768:('75 Samples left',)
2016-10-29 23:39:18,928:('75 Samples left',)
2016-10-29 23:39:19,092:('15 Samples left',)
2016-10-29 23:39:19,239:('15 Samples left',)
2016-10-29 23:39:19,929:('75 Samples left',)
2016-10-29 23:39:20,081:('75 Samples left',)
2016-10-29 23:39:20,237:('75 Samples left',)
2016-10-29 23:39:20,388:('15 Samples left',)
2016-10-29 23:39:20,535:('15 Samples left',)
2016-10-29 23:39:21,140:('75 Samples left',)
2016-10-29 23:39:21,292:('75 Samples left',)
2016-10-29 23:39:21,450:('75 Samples left',)
2016-10-29 23:39:21,625:('15 Samples left',)
2016-10-29 23:39:21,787:('30 Samples left',)
2016-10-29 23:40:11,879:('7073 Samples left',)
2016-10-29 23:40:23,068:('1184 Samples left',)
2016-10-29 23:42:52,059:('8257 samples before filtering, 4 after',)
2016-10-29 23:43:02,389:('8257 samples before filtering, 4 after',)
2016-10-30 21:25:59,787:*************************
2016-10-30 21:25:59,791:logging started
2016-10-30 21:25:59,791:('loading cooldb',)
2016-10-30 21:26:00,373:('cooldb loaded',)
2016-10-30 21:26:00,373:('loading bactdb',)
2016-10-30 21:26:00,373:('bactdb loaded',)
2016-10-30 21:26:00,373:('loading supercooldb',)
2016-10-30 21:26:00,374:('supercooldb loaded',)
2016-10-30 21:26:00,448:('Loading biom table ../data/storage.sejin.new.clean.withtax.biom',)
2016-10-30 21:26:01,277:('Loading mapping file ../data/map.storage.sejin.txt',)
2016-10-30 21:26:01,311:('number of samples in map is 1142',)
2016-10-30 21:26:01,313:('number of samples in table is 1141',)
2016-10-30 21:26:01,323:('removing 0 samples',)
2016-10-30 21:26:01,323:('deleted. number of samples in table is now 1141',)
2016-10-30 21:26:01,351:('removing 1 samples from mapping file',)
2016-10-30 21:26:01,351:('number of samples in mapping file is now 1141',)
2016-10-30 21:26:05,881:('220 Samples left',)
2016-10-30 21:26:06,057:('75 Samples left',)
2016-10-30 21:26:06,232:('75 Samples left',)
2016-10-30 21:26:06,264:('Loading biom table ../data/mayo.new.min10.clean.withtax.biom',)
2016-10-30 21:26:06,483:('Loading mapping file ../data/map.mayo1.txt',)
2016-10-30 21:26:06,510:('number of samples in map is 960',)
2016-10-30 21:26:06,513:('number of samples in table is 958',)
2016-10-30 21:26:06,524:('removing 0 samples',)
2016-10-30 21:26:06,524:('deleted. number of samples in table is now 958',)
2016-10-30 21:26:06,550:('removing 2 samples from mapping file',)
2016-10-30 21:26:06,550:('number of samples in mapping file is now 958',)
2016-10-30 21:26:07,578:('Samples with 0 reads: 18',)
2016-10-30 21:26:08,123:('252 Samples left',)
2016-10-30 21:26:08,239:('242 Samples left',)
2016-10-30 21:26:08,272:('Loading biom table ../data/ag-6-2016.clean.min100.withtax.biom',)
2016-10-30 21:26:10,100:('Loading mapping file ../data/map.ag-6-2016.txt',)
2016-10-30 21:26:11,460:('number of samples in map is 9919',)
2016-10-30 21:26:11,566:('number of samples in table is 9919',)
2016-10-30 21:26:13,212:('removing 0 samples',)
2016-10-30 21:26:13,212:('deleted. number of samples in table is now 9919',)
2016-10-30 21:26:15,803:('number of samples in mapping file is now 9919',)
2016-10-30 21:26:18,751:('Samples with 0 reads: 1214',)
2016-10-30 21:26:45,283:('7286 Samples left',)
2016-10-30 21:26:52,296:('1 conversions failed',)
2016-10-30 21:27:07,095:('7073 Samples left',)
2016-10-30 21:27:07,397:('Loading biom table ../data/twins2.clean.min10.withtax.biom',)
2016-10-30 21:27:07,773:('Loading mapping file ../data/map.twins2.txt',)
2016-10-30 21:27:07,811:('number of samples in map is 1081',)
2016-10-30 21:27:07,815:('number of samples in table is 1046',)
2016-10-30 21:27:07,826:('removing 0 samples',)
2016-10-30 21:27:07,826:('deleted. number of samples in table is now 1046',)
2016-10-30 21:27:07,856:('removing 35 samples from mapping file',)
2016-10-30 21:27:07,856:('number of samples in mapping file is now 1046',)
2016-10-30 21:27:10,067:('Samples with 0 reads: 29',)
2016-10-30 21:27:11,056:('2564 Bacteria left',)
2016-10-30 21:27:14,838:('1017 Samples left',)
2016-10-30 21:27:14,877:('Loading biom table ../data/pgp.baylor.clean.withtax.biom',)
2016-10-30 21:27:15,419:('Loading mapping file ../data/map.pgp.txt',)
2016-10-30 21:27:15,442:('number of samples in map is 429',)
2016-10-30 21:27:15,443:('number of samples in table is 437',)
2016-10-30 21:27:15,444:('Table sample Fermanagh.Mouth not found in mapping file',)
2016-10-30 21:27:15,444:('Table sample Elmira.Stool not found in mapping file',)
2016-10-30 21:27:15,444:('Table sample Erlandson.Stool not found in mapping file',)
2016-10-30 21:27:15,444:('Table sample Innkeeper.Forehead not found in mapping file',)
2016-10-30 21:27:15,444:('Table sample Tewmac.Mouth not found in mapping file',)
2016-10-30 21:27:15,445:('Table sample Pinrock.Rightpalm not found in mapping file',)
2016-10-30 21:27:15,445:('Table sample Lippokd.Forehead not found in mapping file',)
2016-10-30 21:27:15,445:('Table sample Delmore.Leftpalm not found in mapping file',)
2016-10-30 21:27:15,445:('Table sample Goddu.Forehead not found in mapping file',)
2016-10-30 21:27:15,445:('Table sample Menekish.Stool not found in mapping file',)
2016-10-30 21:27:15,446:('removing 10 samples',)
2016-10-30 21:27:15,455:('deleted. number of samples in table is now 427',)
2016-10-30 21:27:15,460:('removing 2 samples from mapping file',)
2016-10-30 21:27:15,460:('number of samples in mapping file is now 427',)
2016-10-30 21:27:19,212:('Samples with 0 reads: 2',)
2016-10-30 21:27:20,288:('80 Samples left',)
2016-10-30 21:27:20,544:('79 Samples left',)
2016-10-30 21:27:20,575:('Loading biom table ../data/ercolini.feces.clean.withtax.biom',)
2016-10-30 21:27:20,729:('Loading mapping file ../data/map.ercolini.txt',)
2016-10-30 21:27:20,736:('number of samples in map is 96',)
2016-10-30 21:27:20,737:('number of samples in table is 93',)
2016-10-30 21:27:20,738:('removing 0 samples',)
2016-10-30 21:27:20,738:('deleted. number of samples in table is now 93',)
2016-10-30 21:27:20,738:('removing 3 samples from mapping file',)
2016-10-30 21:27:20,738:('number of samples in mapping file is now 93',)
2016-10-30 21:27:21,540:('Samples with 0 reads: 4',)
2016-10-30 21:27:21,658:('89 Samples left',)
2016-10-30 21:27:21,700:('88 Samples left',)
2016-10-30 21:27:21,972:('241 Samples left',)
2016-10-30 21:27:22,227:('92 Samples left',)
2016-10-30 21:27:22,341:('74 Samples left',)
2016-10-30 21:27:22,944:('241 Samples left',)
2016-10-30 21:27:23,176:('92 Samples left',)
2016-10-30 21:27:23,291:('75 Samples left',)
2016-10-30 21:27:23,830:('75 Samples left',)
2016-10-30 21:27:24,004:('75 Samples left',)
2016-10-30 21:27:24,179:('75 Samples left',)
2016-10-30 21:27:24,338:('15 Samples left',)
2016-10-30 21:27:24,491:('15 Samples left',)
2016-10-30 21:27:25,251:('75 Samples left',)
2016-10-30 21:27:25,405:('75 Samples left',)
2016-10-30 21:27:25,583:('75 Samples left',)
2016-10-30 21:27:25,754:('15 Samples left',)
2016-10-30 21:27:25,914:('15 Samples left',)
2016-10-30 21:27:26,558:('75 Samples left',)
2016-10-30 21:27:26,710:('75 Samples left',)
2016-10-30 21:27:26,862:('75 Samples left',)
2016-10-30 21:27:27,021:('15 Samples left',)
2016-10-30 21:27:27,178:('30 Samples left',)
2016-10-30 21:28:18,303:('7073 Samples left',)
2016-10-30 21:28:29,865:('1184 Samples left',)
2016-10-30 21:31:02,663:('8257 samples before filtering, 4 after',)
2016-10-30 21:31:14,587:('8257 samples before filtering, 4 after',)
